<?xml version="1.0" encoding="UTF-8"?>
<!-- Generated by org.testng.reporters.JUnitReportReporter -->
<testsuite hostname="DESKTOP-AUMA2HC" failures="0" tests="1" name="Com.jbk.LoginwithExcel" time="17.877" errors="0" timestamp="2023-03-15T17:13:43 IST" skipped="0">
  <testcase classname="Com.jbk.LoginwithExcel" name="JBklogin" time="17.877"/>
  <system-out/>
</testsuite> <!-- Com.jbk.LoginwithExcel -->
