<?xml version="1.0" encoding="UTF-8"?>
<!-- Generated by org.testng.reporters.JUnitReportReporter -->
<testsuite hostname="DESKTOP-AUMA2HC" failures="0" tests="1" name="Com.TestNG.Test.DemoTest3" time="0.006" errors="0" timestamp="2023-03-16T12:31:10 IST" skipped="0">
  <testcase classname="Com.TestNG.Test.DemoTest3" name="Dashboard" time="0.006"/>
  <system-out/>
</testsuite> <!-- Com.TestNG.Test.DemoTest3 -->
