<?xml version="1.0" encoding="UTF-8"?>
<!-- Generated by org.testng.reporters.JUnitReportReporter -->
<testsuite hostname="DESKTOP-AUMA2HC" failures="0" tests="1" name="Com.FrameHandelling.RedbusLogin" time="15.984" errors="0" timestamp="2023-03-18T18:59:57 IST" skipped="0">
  <testcase classname="Com.FrameHandelling.RedbusLogin" name="login" time="15.984"/>
  <system-out/>
</testsuite> <!-- Com.FrameHandelling.RedbusLogin -->
