<?xml version="1.0" encoding="UTF-8"?>
<!-- Generated by org.testng.reporters.JUnitReportReporter -->
<testsuite hostname="DESKTOP-AUMA2HC" failures="0" tests="1" name="Com.jbk.DemoTest1" time="3.365" errors="0" timestamp="2023-03-16T17:53:57 IST" skipped="0">
  <testcase classname="Com.jbk.DemoTest1" name="test01" time="3.365"/>
  <system-out/>
</testsuite> <!-- Com.jbk.DemoTest1 -->
