<?xml version="1.0" encoding="UTF-8"?>
<!-- Generated by org.testng.reporters.JUnitReportReporter -->
<testsuite hostname="DESKTOP-AUMA2HC" failures="0" tests="1" name="Com.WindowHandlingCode.WindowHandellingEx" time="10.294" errors="0" timestamp="2023-03-17T11:48:50 IST" skipped="0">
  <testcase classname="Com.WindowHandlingCode.WindowHandellingEx" name="test01" time="10.294"/>
  <system-out/>
</testsuite> <!-- Com.WindowHandlingCode.WindowHandellingEx -->
