<?xml version="1.0" encoding="UTF-8"?>
<!-- Generated by org.testng.reporters.JUnitReportReporter -->
<testsuite hostname="DESKTOP-AUMA2HC" failures="0" tests="4" name="Com.TestNG.Test.DemoTest4" time="0.006" errors="0" timestamp="2023-03-16T13:03:34 IST" skipped="0">
  <testcase classname="Com.TestNG.Test.DemoTest4" name="Login" time="0.001"/>
  <system-out/>
  <testcase classname="Com.TestNG.Test.DemoTest4" name="User" time="0.000"/>
  <system-out/>
  <testcase classname="Com.TestNG.Test.DemoTest4" name="Dashboard" time="0.004"/>
  <system-out/>
  <testcase classname="Com.TestNG.Test.DemoTest4" name="setup" time="0.001"/>
  <system-out/>
</testsuite> <!-- Com.TestNG.Test.DemoTest4 -->
