<?xml version="1.0" encoding="UTF-8"?>
<!-- Generated by org.testng.reporters.JUnitReportReporter -->
<testsuite hostname="DESKTOP-AUMA2HC" failures="0" tests="1" name="Com.jbk.DemoTest" time="0.496" errors="0" timestamp="2023-03-15T13:33:40 IST" skipped="0">
  <testcase classname="Com.jbk.DemoTest" name="test01" time="0.496"/>
  <system-out/>
</testsuite> <!-- Com.jbk.DemoTest -->
